[2025-04-03T07:16:43.399Z] SyntaxError: Expected double-quoted property name in JSON at position 256 (line 11 column 3)
    at JSON.parse (<anonymous>)
    at parse (D:\FullStacks_pro\trakX\server\node_modules\body-parser\lib\types\json.js:92:19)
    at D:\FullStacks_pro\trakX\server\node_modules\body-parser\lib\read.js:128:18
    at AsyncResource.runInAsyncScope (node:async_hooks:211:14)
    at invokeCallback (D:\FullStacks_pro\trakX\server\node_modules\raw-body\index.js:238:16)
    at done (D:\FullStacks_pro\trakX\server\node_modules\raw-body\index.js:227:7)
    at IncomingMessage.onEnd (D:\FullStacks_pro\trakX\server\node_modules\raw-body\index.js:287:7)
    at IncomingMessage.emit (node:events:518:28)
    at endReadableNT (node:internal/streams/readable:1698:12)
    at process.processTicksAndRejections (node:internal/process/task_queues:90:21)
[2025-04-03T07:19:24.805Z] SyntaxError: Expected double-quoted property name in JSON at position 426 (line 17 column 3)
    at JSON.parse (<anonymous>)
    at parse (D:\FullStacks_pro\trakX\server\node_modules\body-parser\lib\types\json.js:92:19)
    at D:\FullStacks_pro\trakX\server\node_modules\body-parser\lib\read.js:128:18
    at AsyncResource.runInAsyncScope (node:async_hooks:211:14)
    at invokeCallback (D:\FullStacks_pro\trakX\server\node_modules\raw-body\index.js:238:16)
    at done (D:\FullStacks_pro\trakX\server\node_modules\raw-body\index.js:227:7)
    at IncomingMessage.onEnd (D:\FullStacks_pro\trakX\server\node_modules\raw-body\index.js:287:7)
    at IncomingMessage.emit (node:events:518:28)
    at endReadableNT (node:internal/streams/readable:1698:12)
    at process.processTicksAndRejections (node:internal/process/task_queues:90:21)
