[2025-03-21T05:18:40.653Z] ValidationError: User validation failed: lastName: Path `lastName` is required., firstName: Path `firstName` is required.
    at Document.invalidate (D:\FullStacks_pro\trakX\server\node_modules\mongoose\lib\document.js:3329:32)
    at D:\FullStacks_pro\trakX\server\node_modules\mongoose\lib\document.js:3090:17
    at D:\FullStacks_pro\trakX\server\node_modules\mongoose\lib\schemaType.js:1407:9
    at process.processTicksAndRejections (node:internal/process/task_queues:85:11)
[2025-03-21T05:20:06.286Z] ValidationError: User validation failed: lastName: Path `lastName` is required., firstName: Path `firstName` is required.
    at Document.invalidate (D:\FullStacks_pro\trakX\server\node_modules\mongoose\lib\document.js:3329:32)
    at D:\FullStacks_pro\trakX\server\node_modules\mongoose\lib\document.js:3090:17
    at D:\FullStacks_pro\trakX\server\node_modules\mongoose\lib\schemaType.js:1407:9
    at process.processTicksAndRejections (node:internal/process/task_queues:85:11)
[2025-03-21T05:21:28.609Z] SyntaxError: Expected property name or '}' in JSON at position 5 (line 2 column 3)
    at JSON.parse (<anonymous>)
    at parse (D:\FullStacks_pro\trakX\server\node_modules\body-parser\lib\types\json.js:92:19)
    at D:\FullStacks_pro\trakX\server\node_modules\body-parser\lib\read.js:128:18
    at AsyncResource.runInAsyncScope (node:async_hooks:211:14)
    at invokeCallback (D:\FullStacks_pro\trakX\server\node_modules\raw-body\index.js:238:16)
    at done (D:\FullStacks_pro\trakX\server\node_modules\raw-body\index.js:227:7)
    at IncomingMessage.onEnd (D:\FullStacks_pro\trakX\server\node_modules\raw-body\index.js:287:7)
    at IncomingMessage.emit (node:events:518:28)
    at endReadableNT (node:internal/streams/readable:1698:12)
    at process.processTicksAndRejections (node:internal/process/task_queues:90:21)
[2025-03-21T05:47:54.198Z] TypeError: Cannot read properties of undefined (reading 'id')
    at file:///D:/FullStacks_pro/trakX/server/routes/user.js:39:33
    at Layer.handle [as handle_request] (D:\FullStacks_pro\trakX\server\node_modules\express\lib\router\layer.js:95:5)
    at next (D:\FullStacks_pro\trakX\server\node_modules\express\lib\router\route.js:149:13)
    at Layer.handle [as handle_request] (D:\FullStacks_pro\trakX\server\node_modules\express\lib\router\layer.js:91:12)
    at next (D:\FullStacks_pro\trakX\server\node_modules\express\lib\router\route.js:149:13)
    at Route.dispatch (D:\FullStacks_pro\trakX\server\node_modules\express\lib\router\route.js:119:3)
    at Layer.handle [as handle_request] (D:\FullStacks_pro\trakX\server\node_modules\express\lib\router\layer.js:95:5)
    at D:\FullStacks_pro\trakX\server\node_modules\express\lib\router\index.js:284:15
    at Function.process_params (D:\FullStacks_pro\trakX\server\node_modules\express\lib\router\index.js:346:12)
    at next (D:\FullStacks_pro\trakX\server\node_modules\express\lib\router\index.js:280:10)
[2025-03-21T09:57:41.667Z] TypeError: Cannot read properties of undefined (reading 'split')
    at file:///D:/FullStacks_pro/trakX/server/routes/booking.js:10:42
    at Layer.handle [as handle_request] (D:\FullStacks_pro\trakX\server\node_modules\express\lib\router\layer.js:95:5)
    at next (D:\FullStacks_pro\trakX\server\node_modules\express\lib\router\route.js:149:13)
    at authMiddleware (file:///D:/FullStacks_pro/trakX/server/middleware/auth.js:19:9)
    at Layer.handle [as handle_request] (D:\FullStacks_pro\trakX\server\node_modules\express\lib\router\layer.js:95:5)
    at next (D:\FullStacks_pro\trakX\server\node_modules\express\lib\router\route.js:149:13)
    at Route.dispatch (D:\FullStacks_pro\trakX\server\node_modules\express\lib\router\route.js:119:3)
    at Layer.handle [as handle_request] (D:\FullStacks_pro\trakX\server\node_modules\express\lib\router\layer.js:95:5)
    at D:\FullStacks_pro\trakX\server\node_modules\express\lib\router\index.js:284:15
    at Function.process_params (D:\FullStacks_pro\trakX\server\node_modules\express\lib\router\index.js:346:12)
[2025-03-21T09:59:22.766Z] TypeError: Cannot read properties of undefined (reading 'split')
    at file:///D:/FullStacks_pro/trakX/server/routes/booking.js:10:42
    at Layer.handle [as handle_request] (D:\FullStacks_pro\trakX\server\node_modules\express\lib\router\layer.js:95:5)
    at next (D:\FullStacks_pro\trakX\server\node_modules\express\lib\router\route.js:149:13)
    at authMiddleware (file:///D:/FullStacks_pro/trakX/server/middleware/auth.js:19:9)
    at Layer.handle [as handle_request] (D:\FullStacks_pro\trakX\server\node_modules\express\lib\router\layer.js:95:5)
    at next (D:\FullStacks_pro\trakX\server\node_modules\express\lib\router\route.js:149:13)
    at Route.dispatch (D:\FullStacks_pro\trakX\server\node_modules\express\lib\router\route.js:119:3)
    at Layer.handle [as handle_request] (D:\FullStacks_pro\trakX\server\node_modules\express\lib\router\layer.js:95:5)
    at D:\FullStacks_pro\trakX\server\node_modules\express\lib\router\index.js:284:15
    at Function.process_params (D:\FullStacks_pro\trakX\server\node_modules\express\lib\router\index.js:346:12)
[2025-03-21T10:02:45.058Z] TypeError: allowedUser.split is not a function
    at file:///D:/FullStacks_pro/trakX/server/routes/booking.js:10:42
    at Layer.handle [as handle_request] (D:\FullStacks_pro\trakX\server\node_modules\express\lib\router\layer.js:95:5)
    at next (D:\FullStacks_pro\trakX\server\node_modules\express\lib\router\route.js:149:13)
    at authMiddleware (file:///D:/FullStacks_pro/trakX/server/middleware/auth.js:19:9)
    at Layer.handle [as handle_request] (D:\FullStacks_pro\trakX\server\node_modules\express\lib\router\layer.js:95:5)
    at next (D:\FullStacks_pro\trakX\server\node_modules\express\lib\router\route.js:149:13)
    at Route.dispatch (D:\FullStacks_pro\trakX\server\node_modules\express\lib\router\route.js:119:3)
    at Layer.handle [as handle_request] (D:\FullStacks_pro\trakX\server\node_modules\express\lib\router\layer.js:95:5)
    at D:\FullStacks_pro\trakX\server\node_modules\express\lib\router\index.js:284:15
    at Function.process_params (D:\FullStacks_pro\trakX\server\node_modules\express\lib\router\index.js:346:12)
[2025-03-21T10:04:41.080Z] ValidationError: Meetings validation failed: participants: Cast to embedded failed for value "alice@example.com" (type string) at path "participants" because of "ObjectParameterError"
    at Document.invalidate (D:\FullStacks_pro\trakX\server\node_modules\mongoose\lib\document.js:3329:32)
    at model.$set (D:\FullStacks_pro\trakX\server\node_modules\mongoose\lib\document.js:1480:12)
    at model.$set (D:\FullStacks_pro\trakX\server\node_modules\mongoose\lib\document.js:1132:16)
    at model.Document (D:\FullStacks_pro\trakX\server\node_modules\mongoose\lib\document.js:178:12)
    at model.Model (D:\FullStacks_pro\trakX\server\node_modules\mongoose\lib\model.js:128:12)
    at new model (D:\FullStacks_pro\trakX\server\node_modules\mongoose\lib\model.js:4800:15)
    at file:///D:/FullStacks_pro/trakX/server/routes/booking.js:11:29
    at Layer.handle [as handle_request] (D:\FullStacks_pro\trakX\server\node_modules\express\lib\router\layer.js:95:5)
    at next (D:\FullStacks_pro\trakX\server\node_modules\express\lib\router\route.js:149:13)
    at authMiddleware (file:///D:/FullStacks_pro/trakX/server/middleware/auth.js:19:9)
[2025-03-21T10:41:45.674Z] TypeError: allowedUser.split is not a function
    at file:///D:/FullStacks_pro/trakX/server/routes/booking.js:10:42
    at Layer.handle [as handle_request] (D:\FullStacks_pro\trakX\server\node_modules\express\lib\router\layer.js:95:5)
    at next (D:\FullStacks_pro\trakX\server\node_modules\express\lib\router\route.js:149:13)
    at authMiddleware (file:///D:/FullStacks_pro/trakX/server/middleware/auth.js:19:9)
    at Layer.handle [as handle_request] (D:\FullStacks_pro\trakX\server\node_modules\express\lib\router\layer.js:95:5)
    at next (D:\FullStacks_pro\trakX\server\node_modules\express\lib\router\route.js:149:13)
    at Route.dispatch (D:\FullStacks_pro\trakX\server\node_modules\express\lib\router\route.js:119:3)
    at Layer.handle [as handle_request] (D:\FullStacks_pro\trakX\server\node_modules\express\lib\router\layer.js:95:5)
    at D:\FullStacks_pro\trakX\server\node_modules\express\lib\router\index.js:284:15
    at Function.process_params (D:\FullStacks_pro\trakX\server\node_modules\express\lib\router\index.js:346:12)
[2025-03-21T10:43:53.982Z] ValidationError: Meetings validation failed: participants: Cast to embedded failed for value "alice@example.com" (type string) at path "participants" because of "ObjectParameterError"
    at Document.invalidate (D:\FullStacks_pro\trakX\server\node_modules\mongoose\lib\document.js:3329:32)
    at model.$set (D:\FullStacks_pro\trakX\server\node_modules\mongoose\lib\document.js:1480:12)
    at model.$set (D:\FullStacks_pro\trakX\server\node_modules\mongoose\lib\document.js:1132:16)
    at model.Document (D:\FullStacks_pro\trakX\server\node_modules\mongoose\lib\document.js:178:12)
    at model.Model (D:\FullStacks_pro\trakX\server\node_modules\mongoose\lib\model.js:128:12)
    at new model (D:\FullStacks_pro\trakX\server\node_modules\mongoose\lib\model.js:4800:15)
    at file:///D:/FullStacks_pro/trakX/server/routes/booking.js:11:29
    at Layer.handle [as handle_request] (D:\FullStacks_pro\trakX\server\node_modules\express\lib\router\layer.js:95:5)
    at next (D:\FullStacks_pro\trakX\server\node_modules\express\lib\router\route.js:149:13)
    at authMiddleware (file:///D:/FullStacks_pro/trakX/server/middleware/auth.js:19:9)
[2025-03-21T10:46:02.969Z] ValidationError: Meetings validation failed: participants: Cast to embedded failed for value "alice@example.com" (type string) at path "participants" because of "ObjectParameterError"
    at Document.invalidate (D:\FullStacks_pro\trakX\server\node_modules\mongoose\lib\document.js:3329:32)
    at model.$set (D:\FullStacks_pro\trakX\server\node_modules\mongoose\lib\document.js:1480:12)
    at model.$set (D:\FullStacks_pro\trakX\server\node_modules\mongoose\lib\document.js:1132:16)
    at model.Document (D:\FullStacks_pro\trakX\server\node_modules\mongoose\lib\document.js:178:12)
    at model.Model (D:\FullStacks_pro\trakX\server\node_modules\mongoose\lib\model.js:128:12)
    at new model (D:\FullStacks_pro\trakX\server\node_modules\mongoose\lib\model.js:4800:15)
    at file:///D:/FullStacks_pro/trakX/server/routes/booking.js:11:29
    at Layer.handle [as handle_request] (D:\FullStacks_pro\trakX\server\node_modules\express\lib\router\layer.js:95:5)
    at next (D:\FullStacks_pro\trakX\server\node_modules\express\lib\router\route.js:149:13)
    at authMiddleware (file:///D:/FullStacks_pro/trakX/server/middleware/auth.js:19:9)
[2025-03-21T10:54:34.946Z] ValidationError: Meetings validation failed: participants: Cast to embedded failed for value "alice@example.com,bob@example.com,rushabh@example.com" (type string) at path "participants" because of "ObjectParameterError"
    at Document.invalidate (D:\FullStacks_pro\trakX\server\node_modules\mongoose\lib\document.js:3329:32)
    at model.$set (D:\FullStacks_pro\trakX\server\node_modules\mongoose\lib\document.js:1480:12)
    at model.$set (D:\FullStacks_pro\trakX\server\node_modules\mongoose\lib\document.js:1132:16)
    at model.Document (D:\FullStacks_pro\trakX\server\node_modules\mongoose\lib\document.js:178:12)
    at model.Model (D:\FullStacks_pro\trakX\server\node_modules\mongoose\lib\model.js:128:12)
    at new model (D:\FullStacks_pro\trakX\server\node_modules\mongoose\lib\model.js:4800:15)
    at file:///D:/FullStacks_pro/trakX/server/routes/booking.js:16:29
    at Layer.handle [as handle_request] (D:\FullStacks_pro\trakX\server\node_modules\express\lib\router\layer.js:95:5)
    at next (D:\FullStacks_pro\trakX\server\node_modules\express\lib\router\route.js:149:13)
    at authMiddleware (file:///D:/FullStacks_pro/trakX/server/middleware/auth.js:19:9)
[2025-03-21T11:15:15.156Z] TypeError: undefined is not a function
    at Array.find (<anonymous>)
    at file:///D:/FullStacks_pro/trakX/server/routes/booking.js:44:49
    at process.processTicksAndRejections (node:internal/process/task_queues:105:5)
