POST /api/user/login ::1
POST /api/booking/bookingr ::1
POST /api/booking/bookingr ::1
POST /api/booking/bookingr ::1
POST /api/booking/bookingr ::1
POST /api/booking/bookingr ::1
POST /api/booking/bookingr ::1
POST /api/booking/bookingr ::1
POST /api/booking/bookingr ::1
POST /api/booking/bookingr ::1
POST /api/user/login ::1
POST /api/booking/bookingr ::1
POST /api/booking/bookingr ::1
POST /api/user/login ::1
POST /api/booking/bookingr ::1
POST /api/booking/bookingr ::1
POST /api/booking/bookingr ::1
POST /api/booking/bookingr ::1
POST /api/booking/bookingr ::1
POST /api/booking//my-events ::1
GET /api/booking//my-events ::1
GET /api/booking///pending ::1
GET /api/booking/pending ::1
GET /api/booking/my-events ::1
GET /api/booking/pending ::1
GET /api/booking/pending ::1
GET /api/booking/upcoming ::1
GET /api/booking/upcoming ::1
GET /api/booking/upcoming ::1
GET /api/booking/upcoming ::1
GET /api/booking/pending ::1
GET /api/booking/pending ::1
GET /api/booking/past ::1
GET /api/booking/past ::1
GET /api/booking/past ::1
POST /api/user/login ::1
GET /api/booking/past ::1
GET /api/booking/past ::1
GET /api/booking/past ::1
POST /api/booking/availability ::1
POST /api/booking/availability ::1
POST /api/availability ::1
POST /api/availability/add ::1
POST /api/availability/add ::1
POST /api/availability/add ::1
POST /api/availability/add ::1
POST /api/availability/add ::1
POST /api/availability/add ::1
POST /api/booking/bookingr ::1
POST /api/booking/bookingr ::1
POST /api/booking/bookingr ::1
POST /api/booking/bookingr ::1
POST /api/booking/bookingr ::1
POST /api/booking/bookingr ::1
POST /api/booking/bookingr ::1
POST /api/booking/bookingr ::1
POST /api/booking/bookingr ::1
POST /api/booking/bookingr ::1
POST /api/booking/bookingr ::1
POST /api/booking/bookingr ::1
POST /api/booking/bookingr ::1
POST /api/booking/bookingr ::1
