POST /api/user/login ::1
POST /api/booking/bookingr ::1
POST /api/booking/bookingr ::1
POST /api/booking/bookingr ::1
POST /api/booking/bookingr ::1
POST /api/booking/bookingr ::1
POST /api/booking/bookingr ::1
POST /api/booking/bookingr ::1
POST /api/booking/bookingr ::1
POST /api/booking/bookingr ::1
GET /api/user/getName ::1
GET /api/user/getName ::1
POST /api/booking/bookingr ::1
POST /api/booking/bookingr ::1
POST /api/booking/bookingr ::1
POST /api/booking/bookingr ::1
POST /api/booking/bookingr ::1
GET /api/user/getName ::1
GET /api/user/getName ::1
POST /api/booking/bookingr ::1
POST /api/user/login ::1
GET /api/user/getName ::1
GET /api/user/getName ::1
GET /api/booking/my-events ::1
POST /api/booking/bookingr ::1
POST /api/booking/bookingr ::1
POST /api/booking/bookingr ::1
POST /api/booking/bookingr ::1
POST /api/booking/bookingr ::1
POST /api/booking/bookingr ::1
POST /api/booking/bookingr ::1
POST /api/booking/bookingr ::1
POST /api/booking/bookingr ::1
POST /api/booking/bookingr ::1
POST /api/booking/bookingr ::1
GET /api/user/getName ::1
GET /api/user/getName ::1
POST /api/booking/bookingr ::1
POST /api/user/login ::1
GET /api/user/getName ::1
GET /api/user/getName ::1
GET /api/booking/my-events ::1
POST /api/booking/bookingr ::1
POST /api/booking/bookingr ::1
POST /api/booking/bookingr ::1
POST /api/booking/bookingr ::1
POST /api/booking/bookingr ::1
POST /api/booking/bookingr ::1
POST /api/booking/bookingr ::1
POST /api/booking/bookingr ::1
GET /api/user/getName ::1
GET /api/user/getName ::1
GET /api/booking/my-events ::1
POST /api/booking/bookingr ::1
POST /api/booking/bookingr ::1
POST /api/booking/bookingr ::1
POST /api/booking/bookingr ::1
POST /api/booking/bookingr ::1
POST /api/booking/bookingr ::1
POST /api/booking/bookingr ::1
POST /api/booking/bookingr ::1
GET /api/user/getName ::1
GET /api/user/getName ::1
POST /api/booking/bookingr ::1
POST /api/booking/bookingr ::1
POST /api/booking/bookingr ::1
POST /api/user/login ::1
POST /api/booking/bookingr ::1
POST /api/booking/bookingr ::1
POST /api/user/login ::1
GET /api/user/getName ::1
GET /api/user/getName ::1
GET /api/booking/my-events ::1
POST /api/booking/bookingr ::1
POST /api/booking/bookingr ::1
POST /api/booking/bookingr ::1
POST /api/booking/bookingr ::1
POST /api/booking/bookingr ::1
POST /api/booking/bookingr ::1
POST /api/booking/bookingr ::1
POST /api/booking/bookingr ::1
POST /api/booking/bookingr ::1
POST /api/booking/bookingr ::1
POST /api/booking/bookingr ::1
POST /api/booking/bookingr ::1
POST /api/booking/bookingr ::1
POST /api/booking/bookingr ::1
POST /api/booking/bookingr ::1
POST /api/booking/bookingr ::1
POST /api/booking/bookingr ::1
GET /api/booking/my-events ::1
GET /api/booking/upcoming ::1
GET /api/booking/pending ::1
GET /api/booking/canceled ::1
GET /api/booking/pending ::1
PUT /api/booking/pending/updateStatus ::1
PUT /api/booking/pending/updateStatus ::1
PUT /api/booking/pending/updateStatus ::1
GET /api/booking/canceled ::1
GET /api/booking/pending ::1
PUT /api/booking/pending/updateStatus ::1
PUT /api/booking/pending/updateStatus ::1
GET /api/booking/upcoming ::1
GET /api/booking/canceled ::1
GET /api/booking/pending ::1
GET /api/booking/canceled ::1
GET /api/booking/past ::1
GET /api/booking/canceled ::1
GET /api/booking/past ::1
GET /api/booking/canceled ::1
GET /api/booking/past ::1
GET /api/booking/canceled ::1
GET /api/booking/pending ::1
GET /api/booking/past ::1
GET /api/user/getName ::1
GET /api/user/getName ::1
GET /api/booking/upcoming ::1
GET /api/booking/my-events ::1
GET /api/booking/upcoming ::1
GET /api/booking/my-events ::1
GET /api/booking/upcoming ::1
GET /api/booking/pending ::1
GET /api/booking/upcoming ::1
GET /api/user/getName ::1
GET /api/user/getName ::1
GET /api/user/getName ::1
GET /api/user/getName ::1
GET /api/user/getName ::1
GET /api/user/getName ::1
GET /api/user/getName ::1
GET /api/user/getName ::1
GET /api/user/getName ::1
GET /api/user/getName ::1
GET /api/user/getName ::1
GET /api/user/getName ::1
GET /api/user/getName ::1
GET /api/user/getName ::1
GET /api/booking/my-events ::1
GET /api/user/getName ::1
GET /api/user/getName ::1
GET /api/booking/my-events ::1
GET /api/user/getName ::1
GET /api/user/getName ::1
GET /api/booking/my-events ::1
GET /api/booking/upcoming ::1
GET /api/booking/my-events ::1
GET /api/booking/upcoming ::1
GET /api/booking/upcoming ::1
GET /api/booking/my-events ::1
GET /api/booking/upcoming ::1
GET /api/user/getName ::1
GET /api/user/getName ::1
GET /api/user/getName ::1
GET /api/user/getName ::1
GET /api/booking/my-events ::1
GET /api/booking/upcoming ::1
GET /api/booking/my-events ::1
GET /api/booking/upcoming ::1
GET /api/booking/upcoming ::1
GET /api/booking/my-events ::1
GET /api/booking/upcoming ::1
GET /api/booking/my-events ::1
GET /api/booking/upcoming ::1
GET /api/booking/upcoming ::1
GET /api/booking/my-events ::1
POST /api/user/login ::1
GET /api/user/getName ::1
GET /api/user/getName ::1
GET /api/booking/my-events ::1
GET /api/user/getName ::1
GET /api/user/getName ::1
GET /api/booking/my-events ::1
GET /api/user/getName ::1
GET /api/user/getName ::1
GET /api/booking/my-events ::1
GET /api/user/getName ::1
GET /api/user/getName ::1
GET /api/booking/my-events ::1
GET /api/user/getName ::1
GET /api/user/getName ::1
GET /api/booking/my-events ::1
GET /api/user/getName ::1
GET /api/user/getName ::1
GET /api/booking/my-events ::1
GET /api/booking/upcoming ::1
GET /api/booking/canceled ::1
GET /api/booking/past ::1
GET /api/booking/pending ::1
GET /api/booking/upcoming ::1
GET /api/booking/past ::1
GET /api/booking/canceled ::1
GET /api/booking/pending ::1
POST /api/user/register ::1
POST /api/user/preference/67eff6533a5f018290cf422a ::1
POST /api/user/preference/67eff6533a5f018290cf422a ::1
GET /api/user/getName ::1
GET /api/user/getName ::1
GET /api/booking/my-events ::1
GET /api/booking/upcoming ::1
POST /api/user/register ::1
POST /api/user/preference/67eff7263a5f018290cf424a ::1
POST /api/user/login ::1
GET /api/user/getName ::1
GET /api/user/getName ::1
GET /api/booking/my-events ::1
GET /api/booking/upcoming ::1
GET /api/booking/my-events ::1
POST /api/user/login ::1
GET /api/user/getName ::1
GET /api/user/getName ::1
GET /api/user/getName ::1
GET /api/user/getName ::1
GET /api/user/getName ::1
GET /api/user/getName ::1
GET /api/user/getName ::1
GET /api/user/getName ::1
GET /api/user/getName ::1
GET /api/booking/my-events ::1
GET /api/user/getName ::1
GET /api/booking/my-events ::1
GET /api/booking/my-events ::1
GET /api/booking/my-events ::1
GET /api/booking/my-events ::1
GET /api/user/getName ::1
GET /api/user/getName ::1
GET /api/booking/my-events ::1
GET /api/booking/my-events ::1
POST /api/user/register ::1
POST /api/user/preference/67f024e968fb1027347e6852 ::1
GET /api/user/getName ::1
GET /api/user/getName ::1
GET /api/booking/my-events ::1
GET /api/user/getName ::1
GET /api/user/getName ::1
GET /api/booking/my-events ::1
