POST /api/user/register ::1
POST /api/user/register ::1
POST /api/user/preference/67f0258668fb1027347e6866 ::1
POST /api/user/login ::1
GET /api/user/getName ::1
GET /api/user/getName ::1
GET /api/booking/my-events ::1
GET /api/user/getName ::1
GET /api/user/getName ::1
GET /api/user/getName ::1
GET /api/user/getName ::1
GET /api/user/getName ::1
GET /api/user/getName ::1
GET /api/user/getName ::1
GET /api/user/getName ::1
GET /api/user/getName ::1
GET /api/booking/my-events ::1
GET /api/user/getName ::1
GET /api/user/getName ::1
GET /api/user/getName ::1
GET /api/user/getName ::1
GET /api/user/getName ::1
GET /api/user/getName ::1
GET /api/user/getName ::1
GET /api/user/getName ::1
GET /api/user/getName ::1
GET /api/user/getName ::1
GET /api/user/getName ::1
GET /api/user/getName ::1
GET /api/user/getName ::1
GET /api/user/getName ::1
GET /api/user/getName ::1
GET /api/user/getName ::1
GET /api/user/getName ::1
GET /api/booking/upcoming ::1
GET /api/booking/upcoming ::1
GET /api/user/getName ::1
GET /api/user/getName ::1
GET /api/user/getName ::1
GET /api/user/getName ::1
GET /api/user/getName ::1
GET /api/user/getName ::1
GET /api/user/getName ::1
GET /api/user/getName ::1
GET /api/user/getName ::1
GET /api/user/getName ::1
GET /api/user/getName ::1
GET /api/user/getName ::1
GET /api/user/getName ::1
GET /api/user/getName ::1
GET /api/user/getName ::1
GET /api/user/getName ::1
GET /api/user/getName ::1
GET /api/user/getName ::1
GET /api/booking/upcoming ::1
GET /api/booking/upcoming ::1
GET /api/booking/my-events ::1
GET /api/booking/upcoming ::1
GET /api/booking/my-events ::1
GET /api/booking/upcoming ::1
GET /api/booking/my-events ::1
GET /api/booking/upcoming ::1
GET /api/booking/my-events ::1
GET /api/booking/upcoming ::1
GET /api/booking/my-events ::1
GET /api/booking/upcoming ::1
GET /api/booking/my-events ::1
GET /api/booking/upcoming ::1
GET /api/booking/upcoming ::1
GET /api/booking/my-events ::1
GET /api/booking/upcoming ::1
GET /api/booking/my-events ::1
GET /api/booking/upcoming ::1
GET /api/booking/my-events ::1
GET /api/booking/upcoming ::1
GET /api/booking/my-events ::1
GET /api/booking/upcoming ::1
GET /api/booking/upcoming ::1
GET /api/booking/my-events ::1
GET /api/booking/upcoming ::1
GET /api/booking/my-events ::1
GET /api/booking/upcoming ::1
GET /api/booking/upcoming ::1
GET /api/booking/my-events ::1
GET /api/booking/my-events ::1
GET /api/booking/upcoming ::1
GET /api/booking/upcoming ::1
GET /api/booking/my-events ::1
GET /api/booking/upcoming ::1
GET /api/user/getName ::1
GET /api/user/getName ::1
GET /api/user/getName ::1
GET /api/user/getName ::1
GET /api/booking/upcoming ::1
GET /api/booking/my-events ::1
GET /api/booking/upcoming ::1
GET /api/booking/upcoming ::1
GET /api/booking/my-events ::1
GET /api/user/getName ::1
GET /api/user/getName ::1
GET /api/user/getName ::1
GET /api/user/getName ::1
GET /api/user/getName ::1
GET /api/user/getName ::1
GET /api/user/getName ::1
GET /api/user/getName ::1
GET /api/user/getName ::1
GET /api/user/getName ::1
GET /api/user/getName ::1
GET /api/user/getName ::1
GET /api/user/getName ::1
GET /api/user/getName ::1
GET /api/user/getName ::1
GET /api/user/getName ::1
GET /api/user/getName ::1
GET /api/user/getName ::1
GET /api/user/getName ::1
GET /api/user/getName ::1
GET /api/user/getName ::1
GET /api/user/getName ::1
GET /api/user/getName ::1
GET /api/user/getName ::1
GET /api/user/getName ::1
GET /api/user/getName ::1
GET /api/booking/upcoming ::1
GET /api/booking/my-events ::1
GET /api/booking/upcoming ::1
GET /api/user/getName ::1
GET /api/user/getName ::1
GET /api/user/getName ::1
GET /api/user/getName ::1
GET /api/user/getName ::1
GET /api/user/getName ::1
GET /api/user/getName ::1
GET /api/user/getName ::1
GET /api/user/getName ::1
GET /api/user/getName ::1
GET /api/user/getName ::1
GET /api/user/getName ::1
GET /api/user/getName ::1
GET /api/user/getName ::1
GET /api/booking/upcoming ::1
GET /api/booking/my-events ::1
GET /api/booking/upcoming ::1
GET /api/user/getName ::1
GET /api/user/getName ::1
GET /api/user/getName ::1
GET /api/user/getName ::1
GET /api/booking/my-events ::1
GET /api/user/getName ::1
GET /api/user/getName ::1
GET /api/user/getName ::1
GET /api/user/getName ::1
GET /api/user/getName ::1
GET /api/user/getName ::1
GET /api/user/getName ::1
GET /api/user/getName ::1
GET /api/user/getName ::1
GET /api/user/getName ::1
GET /api/user/getName ::1
GET /api/user/getName ::1
GET /api/user/getName ::1
GET /api/user/getName ::1
GET /api/user/getName ::1
GET /api/user/getName ::1
GET /api/user/getName ::1
GET /api/user/getName ::1
GET /api/user/getName ::1
GET /api/user/getName ::1
GET /api/user/getName ::1
GET /api/user/getName ::1
GET /api/user/getName ::1
GET /api/user/getName ::1
GET /api/user/getName ::1
GET /api/user/getName ::1
GET /api/user/getName ::1
GET /api/user/getName ::1
POST /api/user/login ::1
GET /api/user/getName ::1
GET /api/user/getName ::1
GET /api/booking/my-events ::1
POST /api/user/login ::1
GET /api/user/getName ::1
GET /api/user/getName ::1
GET /api/booking/my-events ::1
POST /api/user/login ::1
GET /api/user/getName ::1
GET /api/user/getName ::1
GET /api/booking/my-events ::1
POST /api/user/login ::1
GET /api/user/getName ::1
GET /api/booking/my-events ::1
GET /api/user/getName ::1
POST /api/user/login ::1
GET /api/user/getName ::1
GET /api/user/getName ::1
GET /api/booking/my-events ::1
GET /api/booking/upcoming ::1
GET /api/booking/pending ::1
GET /api/user/getName ::1
GET /api/user/getName ::1
GET /api/user/getName ::1
GET /api/user/getName ::1
GET /api/user/getName ::1
GET /api/user/getName ::1
GET /api/user/getName ::1
GET /api/user/getName ::1
GET /api/user/getName ::1
GET /api/user/getName ::1
GET /api/user/getName ::1
GET /api/user/getName ::1
GET /api/user/getName ::1
GET /api/user/getName ::1
GET /api/user/getName ::1
GET /api/user/getName ::1
GET /api/user/getName ::1
GET /api/user/getName ::1
GET /api/user/getName ::1
GET /api/user/getName ::1
GET /api/user/getName ::1
GET /api/user/getName ::1
GET /api/user/getName ::1
GET /api/user/getName ::1
GET /api/user/getName ::1
GET /api/user/getName ::1
GET /api/user/getName ::1
GET /api/user/getName ::1
GET /api/user/getName ::1
GET /api/user/getName ::1
GET /api/user/getName ::1
GET /api/user/getName ::1
GET /api/user/getName ::1
GET /api/user/getName ::1
GET /api/user/getName ::1
GET /api/user/getName ::1
GET /api/user/getName ::1
GET /api/user/getName ::1
GET /api/user/getName ::1
GET /api/user/getName ::1
GET /api/user/getName ::1
GET /api/user/getName ::1
GET /api/user/getName ::1
GET /api/user/getName ::1
GET /api/user/getName ::1
GET /api/user/getName ::1
GET /api/user/getName ::1
GET /api/user/getName ::1
GET /api/user/getName ::1
GET /api/user/getName ::1
GET /api/user/getName ::1
GET /api/user/getName ::1
GET /api/user/getName ::1
GET /api/user/getName ::1
GET /api/user/getName ::1
GET /api/user/getName ::1
GET /api/user/getName ::1
GET /api/user/getName ::1
GET /api/user/getName ::1
GET /api/user/getName ::1
GET /api/user/getName ::1
GET /api/user/getName ::1
GET /api/user/getName ::1
GET /api/user/getName ::1
GET /api/user/getName ::1
GET /api/user/getName ::1
GET /api/user/getName ::1
GET /api/user/getName ::1
GET /api/user/getName ::1
GET /api/user/getName ::1
GET /api/user/getName ::1
GET /api/user/getName ::1
GET /api/user/getName ::1
GET /api/user/getName ::1
GET /api/user/getName ::1
GET /api/user/getName ::1
GET /api/user/getName ::1
GET /api/user/getName ::1
GET /api/user/getName ::1
GET /api/user/getName ::1
GET /api/user/getName ::1
GET /api/user/getName ::1
GET /api/user/getName ::1
GET /api/user/getName ::1
GET /api/user/getName ::1
GET /api/user/getName ::1
GET /api/user/getName ::1
GET /api/user/getName ::1
GET /api/user/getName ::1
GET /api/user/getName ::1
GET /api/user/getName ::1
GET /api/user/getName ::1
GET /api/user/getName ::1
GET /api/user/getName ::1
GET /api/user/getName ::1
GET /api/user/getName ::1
GET /api/user/getName ::1
GET /api/user/getName ::1
GET /api/user/getName ::1
GET /api/user/getName ::1
GET /api/user/getName ::1
GET /api/user/getName ::1
GET /api/user/getName ::1
GET /api/user/getName ::1
GET /api/user/getName ::1
GET /api/user/getName ::1
GET /api/booking/upcoming ::1
GET /api/booking/my-events ::1
GET /api/user/getName ::1
GET /api/user/getName ::1
GET /api/user/getName ::1
GET /api/user/getName ::1
GET /api/user/getName ::1
GET /api/user/getName ::1
GET /api/user/getName ::1
GET /api/user/getName ::1
GET /api/user/getName ::1
GET /api/user/getName ::1
GET /api/user/getName ::1
GET /api/user/getName ::1
GET /api/user/getName ::1
GET /api/user/getName ::1
GET /api/user/getName ::1
GET /api/user/getName ::1
GET /api/user/getName ::1
GET /api/user/getName ::1
GET /api/user/getName ::1
GET /api/user/getName ::1
GET /api/user/getName ::1
GET /api/user/getName ::1
GET /api/user/getName ::1
GET /api/user/getName ::1
GET /api/user/getName ::1
GET /api/user/getName ::1
GET /api/user/getName ::1
GET /api/user/getName ::1
GET /api/user/getName ::1
GET /api/user/getName ::1
GET /api/user/getName ::1
GET /api/user/getName ::1
GET /api/user/getName ::1
GET /api/user/getName ::1
GET /api/user/getName ::1
GET /api/user/getName ::1
POST /api/user/login ::1
POST /api/user/login ::1
POST /api/user/login ::1
POST /api/user/login ::1
POST /api/user/login ::1
POST /api/user/login ::1
POST /api/user/login ::1
POST /api/user/login ::1
POST /api/user/login ::1
POST /api/user/login ::1
POST /api/user/register ::1
POST /api/user/login ::1
GET /api/user/getName ::1
GET /api/user/getName ::1
GET /api/booking/my-events ::1
GET /api/user/getName ::1
GET /api/user/getName ::1
GET /api/user/getName ::1
GET /api/user/getName ::1
GET /api/booking/my-events ::1
GET /api/booking/upcoming ::1
GET /api/booking/my-events ::1
GET /api/booking/upcoming ::1
GET /api/booking/upcoming ::1
GET /api/booking/my-events ::1
DELETE /api/booking/booking-d/67ef873d3a5f018290cf3fa8 ::1
GET /api/booking/upcoming ::1
GET /api/booking/pending ::1
PUT /api/booking/pending/updateStatus ::1
GET /api/user/getName ::1
GET /api/user/getName ::1
GET /api/user/getName ::1
GET /api/user/getName ::1
GET /api/booking/pending ::1
PUT /api/booking/pending/updateStatus ::1
GET /api/user/getName ::1
GET /api/user/getName ::1
GET /api/user/getName ::1
GET /api/user/getName ::1
GET /api/booking/pending ::1
GET /api/booking/canceled ::1
GET /api/booking/pending ::1
PUT /api/booking/pending/updateStatus ::1
GET /api/user/getName ::1
GET /api/user/getName ::1
GET /api/user/getName ::1
GET /api/user/getName ::1
GET /api/booking/pending ::1
PUT /api/booking/pending/updateStatus ::1
GET /api/booking/past ::1
GET /api/user/getName ::1
GET /api/user/getName ::1
GET /api/booking/past ::1
GET /api/user/getName ::1
GET /api/user/getName ::1
GET /api/user/getName ::1
GET /api/user/getName ::1
GET /api/user/getName ::1
GET /api/user/getName ::1
GET /api/user/getName ::1
GET /api/user/getName ::1
GET /api/booking/past ::1
GET /api/user/getName ::1
GET /api/user/getName ::1
GET /api/booking/past ::1
GET /api/user/getName ::1
GET /api/user/getName ::1
GET /api/booking/past ::1
GET /api/user/getName ::1
GET /api/user/getName ::1
GET /api/booking/past ::1
GET /api/user/getName ::1
GET /api/user/getName ::1
GET /api/booking/past ::1
GET /api/user/getName ::1
GET /api/user/getName ::1
GET /api/booking/past ::1
GET /api/user/getName ::1
GET /api/user/getName ::1
GET /api/booking/past ::1
GET /api/user/getName ::1
GET /api/user/getName ::1
GET /api/booking/past ::1
POST /api/user/register ::1
POST /api/user/register ::1
POST /api/user/preference/67f04c45e37c1fbadd58af22 ::1
POST /api/user/register ::1
POST /api/user/preference/67f04cb3e37c1fbadd58af28 ::1
POST /api/user/login ::1
GET /api/user/getName ::1
GET /api/user/getName ::1
GET /api/booking/my-events ::1
POST /api/booking/bookingr ::1
GET /api/booking/upcoming ::1
GET /api/user/getName ::1
GET /api/user/getName ::1
GET /api/booking/my-events ::1
GET /api/user/getName ::1
GET /api/user/getName ::1
GET /api/booking/my-events ::1
POST /api/user/login ::1
GET /api/user/getName ::1
GET /api/user/getName ::1
GET /api/booking/my-events ::1
GET /api/user/getName ::1
GET /api/booking/my-events ::1
GET /api/user/getName ::1
GET /api/user/getName ::1
GET /api/user/getName ::1
GET /api/booking/my-events ::1
GET /api/user/getName ::1
GET /api/user/getName ::1
GET /api/booking/my-events ::1
DELETE /api/booking/booking-d/67eccdb8d9cd2b76d00b68b6 ::1
GET /api/user/getName ::1
GET /api/user/getName ::1
GET /api/booking/my-events ::1
GET /api/user/getName ::1
GET /api/user/getName ::1
GET /api/booking/my-events ::1
GET /api/user/getName ::1
GET /api/user/getName ::1
GET /api/booking/my-events ::1
GET /api/booking/upcoming ::1
POST /api/availability/add ::1
POST /api/availability/add ::1
GET /api/booking/upcoming ::1
GET /api/booking/my-events ::1
GET /api/booking/upcoming ::1
GET /api/booking/pending ::1
GET /api/booking/upcoming ::1
GET /api/booking/canceled ::1
GET /api/booking/past ::1
GET /api/booking/canceled ::1
GET /api/booking/pending ::1
GET /api/booking/upcoming ::1
GET /api/booking/my-events ::1
POST /api/booking/update-status ::1
POST /api/booking/update-status ::1
POST /api/booking/update-status ::1
POST /api/booking/update-status ::1
POST /api/booking/update-status ::1
GET /api/booking/my-events ::1
GET /api/booking/my-events ::1
GET /api/booking/my-events ::1
GET /api/booking/my-events ::1
POST /api/booking/update-status ::1
POST /api/booking/update-status ::1
GET /api/booking/upcoming ::1
GET /api/booking/my-events ::1
POST /api/user/login ::1
GET /api/user/getName ::1
GET /api/user/getName ::1
GET /api/booking/my-events ::1
GET /api/user/getName ::1
GET /api/user/getName ::1
GET /api/booking/my-events ::1
GET /api/user/getName ::1
GET /api/booking/my-events ::1
GET /api/user/getName ::1
GET /api/user/getName ::1
GET /api/user/getName ::1
GET /api/booking/my-events ::1
POST /api/user/register ::1
POST /api/user/preference/67f1065852cf43b885ba3129 ::1
POST /api/user/register ::1
POST /api/user/preference/67f1069c52cf43b885ba312f ::1
POST /api/user/login ::1
GET /api/user/getName ::1
GET /api/user/getName ::1
GET /api/booking/my-events ::1
GET /api/booking/upcoming ::1
GET /api/booking/my-events ::1
GET /api/booking/upcoming ::1
GET /api/booking/my-events ::1
GET /api/booking/upcoming ::1
GET /api/user/getName ::1
GET /api/user/getName ::1
GET /api/user/getName ::1
GET /api/user/getName ::1
GET /api/user/getName ::1
GET /api/user/getName ::1
GET /api/user/getName ::1
GET /api/user/getName ::1
GET /api/user/getName ::1
GET /api/user/getName ::1
GET /api/user/getName ::1
GET /api/user/getName ::1
GET /api/booking/my-events ::1
GET /api/booking/upcoming ::1
GET /api/booking/my-events ::1
GET /api/booking/upcoming ::1
GET /api/booking/canceled ::1
GET /api/booking/pending ::1
GET /api/booking/canceled ::1
GET /api/booking/past ::1
GET /api/booking/my-events ::1
GET /api/user/getName ::1
GET /api/user/getName ::1
GET /api/booking/my-events ::1
GET /api/user/getName ::1
GET /api/user/getName ::1
GET /api/user/getName ::1
GET /api/user/getName ::1
GET /api/user/getName ::1
GET /api/user/getName ::1
GET /api/booking/upcoming ::1
GET /api/booking/my-events ::1
GET /api/booking/my-events ::1
GET /api/booking/my-events ::1
GET /api/user/getName ::1
GET /api/user/getName ::1
GET /api/booking/my-events ::1
GET /api/booking/my-events ::1
GET /api/user/getName ::1
GET /api/user/getName ::1
GET /api/booking/my-events ::1
POST /api/user/login ::1
GET /api/user/getName ::1
GET /api/user/getName ::1
GET /api/booking/my-events ::1
GET /api/booking/my-events ::1
GET /api/user/getName ::1
GET /api/user/getName ::1
GET /api/user/getName ::1
GET /api/user/getName ::1
GET /api/booking/my-events ::1
GET /api/user/getName ::1
GET /api/user/getName ::1
GET /api/user/getName ::1
GET /api/user/getName ::1
GET /api/booking/my-events ::1
GET /api/user/getName ::1
GET /api/user/getName ::1
GET /api/booking/upcoming ::1
GET /api/booking/pending ::1
GET /api/booking/canceled ::1
GET /api/user/getName ::1
GET /api/user/getName ::1
GET /api/booking/my-events ::1
GET /api/booking/my-events ::1
GET /api/user/getName ::1
GET /api/booking/my-events ::1
GET /api/user/getName ::1
GET /api/user/getName ::1
GET /api/booking/my-events ::1
GET /api/user/getName ::1
GET /api/user/getName ::1
GET /api/booking/my-events ::1
GET /api/user/getName ::1
GET /api/user/getName ::1
GET /api/user/getName ::1
GET /api/booking/my-events ::1
GET /api/booking/upcoming ::1
GET /api/user/getName ::1
GET /api/booking/upcoming ::1
GET /api/user/getName ::1
GET /api/booking/upcoming ::1
GET /api/booking/upcoming ::1
GET /api/user/getName ::1
GET /api/user/getName ::1
GET /api/booking/my-events ::1
GET /api/user/getName ::1
GET /api/user/getName ::1
GET /api/booking/my-events ::1
GET /api/booking/upcoming ::1
GET /api/booking/my-events ::1
GET /api/booking/upcoming ::1
GET /api/booking/my-events ::1
GET /api/booking/my-events ::1
GET /api/booking/upcoming ::1
GET /api/booking/upcoming ::1
GET /api/booking/my-events ::1
GET /api/booking/upcoming ::1
GET /api/booking/my-events ::1
GET /api/booking/upcoming ::1
GET /api/booking/upcoming ::1
GET /api/booking/pending ::1
GET /api/booking/canceled ::1
GET /api/booking/past ::1
GET /api/booking/my-events ::1
GET /api/booking/upcoming ::1
GET /api/booking/my-events ::1
GET /api/booking/upcoming ::1
POST /api/booking/bookingr ::1
POST /api/booking/bookingr ::1
POST /api/availability/add ::1
POST /api/availability/add ::1
POST /api/availability/add ::1
GET /api/booking/my-events ::1
POST /api/booking/bookingr ::1
GET /api/booking/upcoming ::1
GET /api/booking/past ::1
GET /api/booking/canceled ::1
GET /api/booking/pending ::1
GET /api/booking/upcoming ::1
