POST /api/user/login ::1
GET /api/user/login ::1
POST /api/user/getName ::1
POST /api/user/getName ::1
GET /api/user/getName ::1
GET /api/user/getName ::1
GET /api/user/getName ::1
GET /api/user/getName ::1
GET /api/user/getName ::1
GET /api/user/getName ::1
GET /api/user/getName ::1
GET /api/user/getName ::1
GET /api/user/getName ::1
GET /api/user/getName ::1
GET /api/user/getName ::1
GET /api/user/getName ::1
GET /api/user/getName ::1
GET /api/user/getName ::1
GET /api/user/getName ::1
GET /api/user/getName ::1
GET /api/user/getName ::1
GET /api/user/getName ::1
GET /api/user/getName ::1
GET /api/user/getName ::1
GET /api/user/getName ::1
GET /api/user/getName ::1
GET /api/user/getName ::1
GET /api/user/getName ::1
GET /api/user/getName ::1
GET /api/user/getName ::1
GET /api/user/getName ::1
GET /api/user/getName ::1
GET /api/user/getName ::1
GET /api/user/getName ::1
GET /api/user/getName ::1
GET /api/user/getName ::1
GET /api/user/getName ::1
GET /api/user/getName ::1
GET /api/user/getName ::1
GET /api/user/getName ::1
GET /api/user/getName ::1
GET /api/user/getName ::1
GET /api/user/getName ::1
GET /api/user/getName ::1
GET /api/user/getName ::1
GET /api/user/getName ::1
GET /api/user/getName ::1
GET /api/user/getName ::1
GET /api/user/getName ::1
GET /api/user/getName ::1
GET /api/user/getName ::1
GET /api/user/getName ::1
GET /api/user/getName ::1
GET /api/user/getName ::1
GET /api/user/getName ::1
GET /api/user/getName ::1
GET /api/user/getName ::1
POST /api/user/login ::1
GET /api/user/getName ::1
GET /api/user/getName ::1
GET /api/user/getName ::1
GET /api/user/getName ::1
GET /api/user/getName ::1
GET /api/user/getName ::1
GET /api/user/getName ::1
GET /api/user/getName ::1
GET /api/user/getName ::1
GET /api/user/getName ::1
GET /api/user/getName ::1
GET /api/user/getName ::1
GET /api/user/getName ::1
GET /api/user/getName ::1
GET /api/user/getName ::1
GET /api/user/getName ::1
GET /api/user/getName ::1
GET /api/user/getName ::1
GET /api/user/getName ::1
GET /api/user/getName ::1
GET /api/user/getName ::1
GET /api/user/getName ::1
GET /api/user/getName ::1
GET /api/user/getName ::1
GET /api/user/getName ::1
GET /api/user/getName ::1
GET /api/user/getName ::1
GET /api/user/getName ::1
GET /api/user/getName ::1
GET /api/user/getName ::1
GET /api/user/getName ::1
GET /api/user/getName ::1
GET /api/user/getName ::1
GET /api/user/getName ::1
GET /api/user/getName ::1
GET /api/user/getName ::1
GET /api/user/getName ::1
GET /api/user/getName ::1
GET /api/user/getName ::1
GET /api/user/getName ::1
GET /api/user/getName ::1
GET /api/user/getName ::1
GET /api/user/getName ::1
GET /api/user/getName ::1
GET /api/user/getName ::1
GET /api/user/getName ::1
GET /api/user/getName ::1
GET /api/user/getName ::1
GET /api/user/getName ::1
GET /api/user/getName ::1
GET /api/user/getName ::1
GET /api/user/getName ::1
GET /api/user/getName ::1
GET /api/user/getName ::1
GET /api/user/getName ::1
GET /api/user/getName ::1
GET /api/user/getName ::1
GET /api/user/getName ::1
GET /api/user/getName ::1
POST /api/user/login ::1
GET /api/user/getName ::1
GET /api/user/getName ::1
GET /api/user/getName ::1
GET /api/user/getName ::1
GET /api/user/getName ::1
GET /api/user/getName ::1
GET /api/user/getName ::1
GET /api/user/getName ::1
GET /api/user/getName ::1
GET /api/user/getName ::1
GET /api/booking/bookingr ::1
GET /api/booking/bookingr ::1
GET /api/user/getName ::1
GET /api/user/getName ::1
GET /api/booking/bookingr ::1
GET /api/booking/bookingr ::1
GET /api/user/getName ::1
GET /api/user/getName ::1
GET /api/user/getName ::1
GET /api/user/getName ::1
GET /api/user/getName ::1
GET /api/user/getName ::1
GET /api/user/getName ::1
GET /api/user/getName ::1
GET /api/user/getName ::1
GET /api/user/getName ::1
GET /api/user/getName ::1
GET /api/user/getName ::1
GET /api/user/getName ::1
GET /api/user/getName ::1
GET /api/user/getName ::1
GET /api/user/getName ::1
GET /api/user/getName ::1
GET /api/user/getName ::1
GET /api/user/getName ::1
GET /api/user/getName ::1
GET /api/user/getName ::1
GET /api/user/getName ::1
GET /api/user/getName ::1
GET /api/user/getName ::1
GET /api/user/getName ::1
GET /api/user/getName ::1
GET /api/user/getName ::1
GET /api/user/getName ::1
GET /api/user/getName ::1
GET /api/user/getName ::1
GET /api/user/getName ::1
GET /api/user/getName ::1
GET /api/user/getName ::1
GET /api/user/getName ::1
GET /api/user/getName ::1
GET /api/user/getName ::1
GET /api/user/getName ::1
GET /api/user/getName ::1
GET /api/user/getName ::1
GET /api/user/getName ::1
GET /api/user/getName ::1
GET /api/user/getName ::1
GET /api/user/getName ::1
GET /api/user/getName ::1
GET /api/user/getName ::1
GET /api/user/getName ::1
GET /api/user/getName ::1
GET /api/user/getName ::1
GET /api/user/getName ::1
GET /api/user/getName ::1
GET /api/user/getName ::1
GET /api/user/getName ::1
GET /api/user/getName ::1
GET /api/user/getName ::1
GET /api/user/getName ::1
GET /api/user/getName ::1
GET /api/user/getName ::1
GET /api/user/getName ::1
GET /api/user/getName ::1
GET /api/user/getName ::1
GET /api/user/getName ::1
GET /api/user/getName ::1
GET /api/user/getName ::1
GET /api/user/getName ::1
GET /api/user/getName ::1
GET /api/user/getName ::1
GET /api/user/getName ::1
GET /api/user/getName ::1
GET /api/user/getName ::1
GET /api/user/getName ::1
GET /api/user/getName ::1
GET /api/user/getName ::1
GET /api/user/getName ::1
GET /api/user/getName ::1
GET /api/user/getName ::1
GET /api/user/getName ::1
GET /api/user/getName ::1
GET /api/user/getName ::1
POST /api/user/login ::ffff:127.0.0.1
GET /api/user/getName ::1
GET /api/user/getName ::1
GET /api/user/getName ::1
GET /api/user/getName ::1
GET /api/user/getName ::1
GET /api/user/getName ::1
GET /api/user/getName ::1
GET /api/user/getName ::1
GET /api/user/getName ::1
GET /api/user/getName ::1
GET /api/user/getName ::1
GET /api/user/getName ::1
GET /api/user/getName ::1
GET /api/user/getName ::1
GET /api/user/getName ::1
GET /api/user/getName ::1
GET /api/user/getName ::1
GET /api/user/getName ::1
GET /api/user/getName ::1
GET /api/user/getName ::1
GET /api/user/getName ::1
GET /api/user/getName ::1
GET /api/user/getName ::1
GET /api/user/getName ::1
GET /api/user/getName ::1
GET /api/user/getName ::1
GET /api/user/getName ::1
GET /api/user/getName ::1
GET /api/user/getName ::1
GET /api/user/getName ::1
GET /api/user/getName ::1
GET /api/user/getName ::1
GET /api/user/getName ::1
GET /api/user/getName ::1
GET /api/user/getName ::1
GET /api/user/getName ::1
GET /api/user/getName ::1
GET /api/user/getName ::1
GET /api/user/getName ::1
GET /api/user/getName ::1
GET /api/user/getName ::1
GET /api/user/getName ::1
GET /api/user/getName ::1
GET /api/user/getName ::1
GET /api/user/getName ::1
GET /api/user/getName ::1
GET /api/user/getName ::1
GET /api/user/getName ::1
GET /api/user/getName ::1
GET /api/user/getName ::1
GET /api/user/getName ::1
GET /api/user/getName ::1
GET /api/user/getName ::1
GET /api/user/getName ::1
GET /api/user/getName ::1
GET /api/user/getName ::1
GET /api/user/getName ::1
GET /api/user/getName ::1
GET /api/user/getName ::1
GET /api/user/getName ::1
GET /api/user/getName ::1
GET /api/user/getName ::1
GET /api/user/getName ::1
GET /api/user/getName ::1
GET /api/user/getName ::1
GET /api/user/getName ::1
GET /api/user/getName ::1
GET /api/user/getName ::1
GET /api/user/getName ::1
GET /api/user/getName ::1
GET /api/user/getName ::1
GET /api/user/getName ::1
GET /api/user/getName ::1
GET /api/user/getName ::1
GET /api/user/getName ::1
GET /api/user/getName ::1
GET /api/user/getName ::1
GET /api/user/getName ::1
GET /api/user/getName ::1
GET /api/user/getName ::1
GET /api/user/getName ::1
GET /api/user/getName ::1
GET /api/user/getName ::1
GET /api/user/getName ::1
GET /api/user/getName ::1
GET /api/user/getName ::1
GET /api/user/getName ::1
GET /api/user/getName ::1
GET /api/user/getName ::1
GET /api/user/getName ::1
GET /api/user/getName ::1
GET /api/user/getName ::1
GET /api/user/getName ::1
GET /api/user/getName ::1
GET /api/user/getName ::1
GET /api/user/getName ::1
GET /api/user/getName ::1
GET /api/user/getName ::1
GET /api/user/getName ::1
GET /api/user/getName ::1
GET /api/user/getName ::1
GET /api/user/getName ::1
GET /api/user/getName ::1
GET /api/user/getName ::1
GET /api/user/getName ::1
GET /api/user/getName ::1
GET /api/user/getName ::1
GET /api/user/getName ::1
GET /api/user/getName ::1
GET /api/user/getName ::1
GET /api/user/getName ::1
GET /api/user/getName ::1
GET /api/user/getName ::1
GET /api/user/getName ::1
GET /api/user/getName ::1
GET /api/user/getName ::1
GET /api/user/getName ::1
GET /api/user/getName ::1
GET /api/user/getName ::1
GET /api/user/getName ::1
