POST /api/register ::1
POST /api/register ::1
POST /api/register ::1
POST /api/register ::1
POST /api/register ::1
POST /api/register ::1
POST /api/register ::1
POST /api/user/register ::1
POST /api/user/register ::1
POST /api/user/register ::1
POST /api/user/preference ::1
POST /api/user/preference ::1
POST /api/user/preference/67dcf7b92f4bdc020225f84e ::1
POST /api/user/preference/67dcf7b92f4bdc020225f84e ::1
POST /api/user/preference/67dcf7b92f4bdc020225f84e ::1
POST /api/user/preference/67dcf7b92f4bdc020225f84e ::1
POST /api/user/preference/67dcf7b92f4bdc020225f84e ::1
POST /api/user/preference/67dcf7b92f4bdc020225f84e ::1
POST /api/user/login ::1
POST /api/user/login ::1
POST /api/user/login ::1
POST /api/user/register ::1
POST /api/user//preference/67dd319ab0a93d0ccb906dce ::1
POST /api/user/login ::1
POST /api/user/login ::1
POST /api/user/login ::1
POST /api/user/login ::1
POST /api/booking/bookingr ::1
POST /api/booking/bookingr ::1
POST /api/booking/book ::1
POST /api/booking/bookingr ::1
POST /api/booking/bookingr ::1
POST /api/booking/bookingr ::1
POST /api/booking/bookingr ::1
POST /api/user/login ::1
POST /api/booking/bookingr ::1
POST /api/booking/bookingr ::1
POST /api/booking/bookingr ::1
POST /api/booking/bookingr ::1
POST /api/booking/bookingr ::1
GET /api/booking/my-events ::1
GET /api/booking/my-events ::1
GET /api/booking/my-events ::1
GET /api/booking/pending ::1
POST /api/user/login ::1
GET /api/booking/pending ::1
