POST /api/user/login ::1
POST /api/user/register ::1
POST /api/user/register ::1
POST /api/user/register ::1
POST /api/user/register ::1
POST /api/user/register ::1
POST /api/user/login ::1
POST /api/user/login ::1
POST /api/user/register ::1
POST /api/user/login ::1
POST /api/user/login ::1
POST /api/user/register ::1
POST /api/user/register ::1
POST /api/user/register ::1
POST /api/user/register ::1
POST /api/user/register ::1
POST /api/user/register ::1
POST /api/user/register ::1
POST /api/user/register ::1
POST /api/user/register ::1
POST /api/user/register ::1
POST /api/user/register ::1
POST /api/user/register ::1
POST /api/user/register ::1
POST /users/register ::1
POST /api/users/register ::1
POST /api/users/register ::1
POST /api/users/register ::1
POST /api/user/register ::1
POST /api/user/register ::1
POST /api/user/login ::1
POST /api/user/register ::1
GET /api/user/login ::1
POST /api/user/login ::1
POST /api/user/login ::1
POST /api/user/preference/67e3fc318fd16b41aa32a33d ::1
POST /api/user/preference/67e415308fd16b41aa32a341 ::1
POST /api/user/login ::1
POST /api/user/login ::1
POST /api/user/login ::1
POST /api/user/login ::1
POST /api/user/login ::1
POST /api/user/login ::1
POST /api/user/login ::1
POST /api/user/login ::1
POST /api/user/login ::1
POST /api/user/login ::1
POST /api/user/login ::1
POST /api/user/login ::1
POST /api/user/register ::1
POST /api/user/register ::1
POST /api/user/register ::1
POST /api/user/register ::1
POST /api/user/register ::1
POST /api/user/register ::1
POST /api/user/register ::1
POST /api/user/register ::1
POST /api/user/register ::1
POST /api/user/register ::1
POST /api/user/register ::1
POST /api/user/register ::1
POST /api/user/register ::1
